D, [2015-07-06T23:26:48.667356 #9690] DEBUG -- : PG::UndefinedTable: ERROR:  relation "users" does not exist
LINE 5:              WHERE a.attrelid = '"users"'::regclass
                                        ^
:             SELECT a.attname, format_type(a.atttypid, a.atttypmod),
                     pg_get_expr(d.adbin, d.adrelid), a.attnotnull, a.atttypid, a.atttypmod
              FROM pg_attribute a LEFT JOIN pg_attrdef d
                ON a.attrelid = d.adrelid AND a.attnum = d.adnum
             WHERE a.attrelid = '"users"'::regclass
               AND a.attnum > 0 AND NOT a.attisdropped
             ORDER BY a.attnum

D, [2015-07-06T23:27:24.559931 #9690] DEBUG -- : PG::UndefinedTable: ERROR:  relation "users" does not exist
LINE 5:              WHERE a.attrelid = '"users"'::regclass
                                        ^
:             SELECT a.attname, format_type(a.atttypid, a.atttypmod),
                     pg_get_expr(d.adbin, d.adrelid), a.attnotnull, a.atttypid, a.atttypmod
              FROM pg_attribute a LEFT JOIN pg_attrdef d
                ON a.attrelid = d.adrelid AND a.attnum = d.adnum
             WHERE a.attrelid = '"users"'::regclass
               AND a.attnum > 0 AND NOT a.attisdropped
             ORDER BY a.attnum

D, [2015-07-06T23:44:36.824667 #9690] DEBUG -- : PG::UndefinedTable: ERROR:  relation "users" does not exist
LINE 5:              WHERE a.attrelid = '"users"'::regclass
                                        ^
:             SELECT a.attname, format_type(a.atttypid, a.atttypmod),
                     pg_get_expr(d.adbin, d.adrelid), a.attnotnull, a.atttypid, a.atttypmod
              FROM pg_attribute a LEFT JOIN pg_attrdef d
                ON a.attrelid = d.adrelid AND a.attnum = d.adnum
             WHERE a.attrelid = '"users"'::regclass
               AND a.attnum > 0 AND NOT a.attisdropped
             ORDER BY a.attnum

D, [2015-07-06T23:55:27.518591 #9690] DEBUG -- : PG::UndefinedTable: ERROR:  relation "users" does not exist
LINE 5:              WHERE a.attrelid = '"users"'::regclass
                                        ^
:             SELECT a.attname, format_type(a.atttypid, a.atttypmod),
                     pg_get_expr(d.adbin, d.adrelid), a.attnotnull, a.atttypid, a.atttypmod
              FROM pg_attribute a LEFT JOIN pg_attrdef d
                ON a.attrelid = d.adrelid AND a.attnum = d.adnum
             WHERE a.attrelid = '"users"'::regclass
               AND a.attnum > 0 AND NOT a.attisdropped
             ORDER BY a.attnum

D, [2015-07-06T23:55:39.876327 #9690] DEBUG -- : PG::UndefinedTable: ERROR:  relation "users" does not exist
LINE 5:              WHERE a.attrelid = '"users"'::regclass
                                        ^
:             SELECT a.attname, format_type(a.atttypid, a.atttypmod),
                     pg_get_expr(d.adbin, d.adrelid), a.attnotnull, a.atttypid, a.atttypmod
              FROM pg_attribute a LEFT JOIN pg_attrdef d
                ON a.attrelid = d.adrelid AND a.attnum = d.adnum
             WHERE a.attrelid = '"users"'::regclass
               AND a.attnum > 0 AND NOT a.attisdropped
             ORDER BY a.attnum

D, [2015-07-07T00:06:08.084232 #9690] DEBUG -- : PG::UndefinedTable: ERROR:  relation "users" does not exist
LINE 5:              WHERE a.attrelid = '"users"'::regclass
                                        ^
:             SELECT a.attname, format_type(a.atttypid, a.atttypmod),
                     pg_get_expr(d.adbin, d.adrelid), a.attnotnull, a.atttypid, a.atttypmod
              FROM pg_attribute a LEFT JOIN pg_attrdef d
                ON a.attrelid = d.adrelid AND a.attnum = d.adnum
             WHERE a.attrelid = '"users"'::regclass
               AND a.attnum > 0 AND NOT a.attisdropped
             ORDER BY a.attnum

D, [2015-07-07T00:06:12.306674 #9690] DEBUG -- : PG::UndefinedTable: ERROR:  relation "users" does not exist
LINE 5:              WHERE a.attrelid = '"users"'::regclass
                                        ^
:             SELECT a.attname, format_type(a.atttypid, a.atttypmod),
                     pg_get_expr(d.adbin, d.adrelid), a.attnotnull, a.atttypid, a.atttypmod
              FROM pg_attribute a LEFT JOIN pg_attrdef d
                ON a.attrelid = d.adrelid AND a.attnum = d.adnum
             WHERE a.attrelid = '"users"'::regclass
               AND a.attnum > 0 AND NOT a.attisdropped
             ORDER BY a.attnum

D, [2015-07-07T00:06:19.656588 #9690] DEBUG -- : PG::UndefinedTable: ERROR:  relation "users" does not exist
LINE 5:              WHERE a.attrelid = '"users"'::regclass
                                        ^
:             SELECT a.attname, format_type(a.atttypid, a.atttypmod),
                     pg_get_expr(d.adbin, d.adrelid), a.attnotnull, a.atttypid, a.atttypmod
              FROM pg_attribute a LEFT JOIN pg_attrdef d
                ON a.attrelid = d.adrelid AND a.attnum = d.adnum
             WHERE a.attrelid = '"users"'::regclass
               AND a.attnum > 0 AND NOT a.attisdropped
             ORDER BY a.attnum

D, [2015-07-07T00:03:28.553867 #10725] DEBUG -- :   [1m[36m (0.2ms)[0m  [1mBEGIN[0m
D, [2015-07-07T00:03:28.555663 #10725] DEBUG -- :   [1m[35m (0.2ms)[0m  ROLLBACK
D, [2015-07-07T00:11:45.440515 #10725] DEBUG -- :   [1m[36m (0.2ms)[0m  [1mBEGIN[0m
D, [2015-07-07T00:11:45.441274 #10725] DEBUG -- :   [1m[35m (0.2ms)[0m  ROLLBACK
D, [2015-07-07T00:12:41.373968 #10725] DEBUG -- :   [1m[36m (0.2ms)[0m  [1mBEGIN[0m
D, [2015-07-07T00:12:41.374565 #10725] DEBUG -- :   [1m[35m (0.2ms)[0m  ROLLBACK
D, [2015-07-07T00:14:51.363827 #10725] DEBUG -- :   [1m[36m (0.2ms)[0m  [1mBEGIN[0m
D, [2015-07-07T00:14:51.364593 #10725] DEBUG -- :   [1m[35m (0.2ms)[0m  ROLLBACK
D, [2015-07-07T00:15:39.722366 #10725] DEBUG -- :   [1m[36m (0.1ms)[0m  [1mBEGIN[0m
D, [2015-07-07T00:15:39.722841 #10725] DEBUG -- :   [1m[35m (0.1ms)[0m  ROLLBACK
D, [2015-07-07T00:20:28.734487 #10725] DEBUG -- :   [1m[36m (0.1ms)[0m  [1mBEGIN[0m
D, [2015-07-07T00:20:28.735017 #10725] DEBUG -- :   [1m[35m (0.1ms)[0m  ROLLBACK
D, [2015-07-07T00:20:34.093948 #10725] DEBUG -- :   [1m[36m (0.1ms)[0m  [1mBEGIN[0m
D, [2015-07-07T00:20:34.094581 #10725] DEBUG -- :   [1m[35m (0.2ms)[0m  ROLLBACK
